# JRE version: Java(TM) SE Runtime Environment (8.0_172-b11) (build 1.8.0_172-b11)
# Java VM: Java HotSpot(TM) 64-Bit Server VM (25.172-b11 mixed mode windows-amd64 compressed oops)
Heap:
 PSYoungGen      total 188928K, used 148786K [0x00000000d6100000, 0x00000000ea180000, 0x0000000100000000)
  eden space 188416K, 78% used [0x00000000d6100000,0x00000000df22c8d0,0x00000000e1900000)
  from space 512K, 25% used [0x00000000ea100000,0x00000000ea120000,0x00000000ea180000)
  to   space 1024K, 0% used [0x00000000e9f80000,0x00000000e9f80000,0x00000000ea080000)
 ParOldGen       total 107008K, used 28010K [0x0000000082200000, 0x0000000088a80000, 0x00000000d6100000)
  object space 107008K, 26% used [0x0000000082200000,0x0000000083d5ab90,0x0000000088a80000)
 Metaspace       used 10077K, capacity 10350K, committed 10496K, reserved 1058816K
  class space    used 1107K, capacity 1190K, committed 1280K, reserved 1048576K
GC Heap History (10 events):
Event: 28.168 GC heap before
{Heap before GC invocations=48 (full 11):
 PSYoungGen      total 193024K, used 188180K [0x00000000d6100000, 0x00000000ea280000, 0x0000000100000000)
  eden space 192512K, 97% used [0x00000000d6100000,0x00000000e18a51f8,0x00000000e1d00000)
  from space 512K, 25% used [0x00000000ea200000,0x00000000ea220000,0x00000000ea280000)
  to   space 1024K, 0% used [0x00000000ea080000,0x00000000ea080000,0x00000000ea180000)
 ParOldGen       total 112128K, used 52315K [0x0000000082200000, 0x0000000088f80000, 0x00000000d6100000)
  object space 112128K, 46% used [0x0000000082200000,0x0000000085516ea0,0x0000000088f80000)
 Metaspace       used 10075K, capacity 10350K, committed 10496K, reserved 1058816K
  class space    used 1107K, capacity 1190K, committed 1280K, reserved 1048576K
Event: 28.172 GC heap after
Heap after GC invocations=48 (full 11):
 PSYoungGen      total 212992K, used 128K [0x00000000d6100000, 0x00000000ea280000, 0x0000000100000000)
  eden space 211968K, 0% used [0x00000000d6100000,0x00000000d6100000,0x00000000e3000000)
  from space 1024K, 12% used [0x00000000ea080000,0x00000000ea0a0000,0x00000000ea180000)
  to   space 1024K, 0% used [0x00000000ea180000,0x00000000ea180000,0x00000000ea280000)
 ParOldGen       total 112128K, used 76623K [0x0000000082200000, 0x0000000088f80000, 0x00000000d6100000)
  object space 112128K, 68% used [0x0000000082200000,0x0000000086cd3ed0,0x0000000088f80000)
 Metaspace       used 10075K, capacity 10350K, committed 10496K, reserved 1058816K
  class space    used 1107K, capacity 1190K, committed 1280K, reserved 1048576K
}
Event: 28.172 GC heap before
{Heap before GC invocations=49 (full 12):
 PSYoungGen      total 212992K, used 128K [0x00000000d6100000, 0x00000000ea280000, 0x0000000100000000)
  eden space 211968K, 0% used [0x00000000d6100000,0x00000000d6100000,0x00000000e3000000)
  from space 1024K, 12% used [0x00000000ea080000,0x00000000ea0a0000,0x00000000ea180000)
  to   space 1024K, 0% used [0x00000000ea180000,0x00000000ea180000,0x00000000ea280000)
 ParOldGen       total 112128K, used 76623K [0x0000000082200000, 0x0000000088f80000, 0x00000000d6100000)
  object space 112128K, 68% used [0x0000000082200000,0x0000000086cd3ed0,0x0000000088f80000)
 Metaspace       used 10075K, capacity 10350K, committed 10496K, reserved 1058816K
  class space    used 1107K, capacity 1190K, committed 1280K, reserved 1048576K
Event: 28.179 GC heap after
Heap after GC invocations=49 (full 12):
 PSYoungGen      total 212992K, used 0K [0x00000000d6100000, 0x00000000ea280000, 0x0000000100000000)
  eden space 211968K, 0% used [0x00000000d6100000,0x00000000d6100000,0x00000000e3000000)
  from space 1024K, 0% used [0x00000000ea080000,0x00000000ea080000,0x00000000ea180000)
  to   space 1024K, 0% used [0x00000000ea180000,0x00000000ea180000,0x00000000ea280000)
 ParOldGen       total 107008K, used 9785K [0x0000000082200000, 0x0000000088a80000, 0x00000000d6100000)
  object space 107008K, 9% used [0x0000000082200000,0x0000000082b8e760,0x0000000088a80000)
 Metaspace       used 10075K, capacity 10350K, committed 10496K, reserved 1058816K
  class space    used 1107K, capacity 1190K, committed 1280K, reserved 1048576K
}
Event: 28.981 GC heap before
{Heap before GC invocations=50 (full 12):
 PSYoungGen      total 212992K, used 208680K [0x00000000d6100000, 0x00000000ea280000, 0x0000000100000000)
  eden space 211968K, 98% used [0x00000000d6100000,0x00000000e2cca3a0,0x00000000e3000000)
  from space 1024K, 0% used [0x00000000ea080000,0x00000000ea080000,0x00000000ea180000)
  to   space 1024K, 0% used [0x00000000ea180000,0x00000000ea180000,0x00000000ea280000)
 ParOldGen       total 107008K, used 9785K [0x0000000082200000, 0x0000000088a80000, 0x00000000d6100000)
  object space 107008K, 9% used [0x0000000082200000,0x0000000082b8e760,0x0000000088a80000)
 Metaspace       used 10076K, capacity 10350K, committed 10496K, reserved 1058816K
  class space    used 1107K, capacity 1190K, committed 1280K, reserved 1048576K
Event: 28.983 GC heap after
Heap after GC invocations=50 (full 12):
 PSYoungGen      total 204288K, used 160K [0x00000000d6100000, 0x00000000ea200000, 0x0000000100000000)
  eden space 203776K, 0% used [0x00000000d6100000,0x00000000d6100000,0x00000000e2800000)
  from space 512K, 31% used [0x00000000ea180000,0x00000000ea1a8000,0x00000000ea200000)
  to   space 1024K, 0% used [0x00000000ea000000,0x00000000ea000000,0x00000000ea100000)
 ParOldGen       total 107008K, used 28010K [0x0000000082200000, 0x0000000088a80000, 0x00000000d6100000)
  object space 107008K, 26% used [0x0000000082200000,0x0000000083d5ab90,0x0000000088a80000)
 Metaspace       used 10076K, capacity 10350K, committed 10496K, reserved 1058816K
  class space    used 1107K, capacity 1190K, committed 1280K, reserved 1048576K
}
Event: 29.833 GC heap before
{Heap before GC invocations=51 (full 12):
 PSYoungGen      total 204288K, used 202605K [0x00000000d6100000, 0x00000000ea200000, 0x0000000100000000)
  eden space 203776K, 99% used [0x00000000d6100000,0x00000000e26b3470,0x00000000e2800000)
  from space 512K, 31% used [0x00000000ea180000,0x00000000ea1a8000,0x00000000ea200000)
  to   space 1024K, 0% used [0x00000000ea000000,0x00000000ea000000,0x00000000ea100000)
 ParOldGen       total 107008K, used 28010K [0x0000000082200000, 0x0000000088a80000, 0x00000000d6100000)
  object space 107008K, 26% used [0x0000000082200000,0x0000000083d5ab90,0x0000000088a80000)
 Metaspace       used 10076K, capacity 10350K, committed 10496K, reserved 1058816K
  class space    used 1107K, capacity 1190K, committed 1280K, reserved 1048576K
Event: 29.834 GC heap after
Heap after GC invocations=51 (full 12):
 PSYoungGen      total 197120K, used 160K [0x00000000d6100000, 0x00000000ea200000, 0x0000000100000000)
  eden space 196096K, 0% used [0x00000000d6100000,0x00000000d6100000,0x00000000e2080000)
  from space 1024K, 15% used [0x00000000ea000000,0x00000000ea028000,0x00000000ea100000)
  to   space 1024K, 0% used [0x00000000ea100000,0x00000000ea100000,0x00000000ea200000)
 ParOldGen       total 107008K, used 28010K [0x0000000082200000, 0x0000000088a80000, 0x00000000d6100000)
  object space 107008K, 26% used [0x0000000082200000,0x0000000083d5ab90,0x0000000088a80000)
 Metaspace       used 10076K, capacity 10350K, committed 10496K, reserved 1058816K
  class space    used 1107K, capacity 1190K, committed 1280K, reserved 1048576K
}
Event: 30.648 GC heap before
{Heap before GC invocations=52 (full 12):
 PSYoungGen      total 197120K, used 188280K [0x00000000d6100000, 0x00000000ea200000, 0x0000000100000000)
  eden space 196096K, 95% used [0x00000000d6100000,0x00000000e18b6048,0x00000000e2080000)
  from space 1024K, 15% used [0x00000000ea000000,0x00000000ea028000,0x00000000ea100000)
  to   space 1024K, 0% used [0x00000000ea100000,0x00000000ea100000,0x00000000ea200000)
 ParOldGen       total 107008K, used 28010K [0x0000000082200000, 0x0000000088a80000, 0x00000000d6100000)
  object space 107008K, 26% used [0x0000000082200000,0x0000000083d5ab90,0x0000000088a80000)
 Metaspace       used 10076K, capacity 10350K, committed 10496K, reserved 1058816K
  class space    used 1107K, capacity 1190K, committed 1280K, reserved 1048576K
Event: 30.649 GC heap after
Heap after GC invocations=52 (full 12):
 PSYoungGen      total 188928K, used 128K [0x00000000d6100000, 0x00000000ea180000, 0x0000000100000000)
  eden space 188416K, 0% used [0x00000000d6100000,0x00000000d6100000,0x00000000e1900000)
  from space 512K, 25% used [0x00000000ea100000,0x00000000ea120000,0x00000000ea180000)
  to   space 1024K, 0% used [0x00000000e9f80000,0x00000000e9f80000,0x00000000ea080000)
 ParOldGen       total 107008K, used 28010K [0x0000000082200000, 0x0000000088a80000, 0x00000000d6100000)
  object space 107008K, 26% used [0x0000000082200000,0x0000000083d5ab90,0x0000000088a80000)
 Metaspace       used 10076K, capacity 10350K, committed 10496K, reserved 1058816K
  class space    used 1107K, capacity 1190K, committed 1280K, reserved 1048576K
}

