# JRE version: Java(TM) SE Runtime Environment (8.0_202-b08) (build 1.8.0_202-b08)
# Java VM: Java HotSpot(TM) Client VM (25.202-b08 mixed mode windows-x86 )
Heap:
 def new generation   total 4992K, used 260K [0x10000000, 0x10560000, 0x15550000)
  eden space 4480K,   5% used [0x10000000, 0x10041310, 0x10460000)
  from space 512K,   0% used [0x104e0000, 0x104e0000, 0x10560000)
  to   space 512K,   0% used [0x10460000, 0x10460000, 0x104e0000)
 tenured generation   total 10944K, used 9538K [0x15550000, 0x16000000, 0x20000000)
   the space 10944K,  87% used [0x15550000, 0x15ea08b8, 0x15ea0a00, 0x16000000)
 Metaspace       used 5844K, capacity 6024K, committed 6144K, reserved 6528K
GC Heap History (10 events):
Event: 3.684 GC heap before
{Heap before GC invocations=41 (full 29):
 def new generation   total 4992K, used 91K [0x10000000, 0x10560000, 0x15550000)
  eden space 4480K,   2% used [0x10000000, 0x10016ec0, 0x10460000)
  from space 512K,   0% used [0x10460000, 0x10460000, 0x104e0000)
  to   space 512K,   0% used [0x104e0000, 0x104e0000, 0x10560000)
 tenured generation   total 10944K, used 9538K [0x15550000, 0x16000000, 0x20000000)
   the space 10944K,  87% used [0x15550000, 0x15ea0800, 0x15ea0800, 0x16000000)
 Metaspace       used 5844K, capacity 6024K, committed 6144K, reserved 6528K
Event: 3.689 GC heap after
Heap after GC invocations=42 (full 30):
 def new generation   total 4992K, used 0K [0x10000000, 0x10560000, 0x15550000)
  eden space 4480K,   0% used [0x10000000, 0x10000000, 0x10460000)
  from space 512K,   0% used [0x104e0000, 0x104e0000, 0x10560000)
  to   space 512K,   0% used [0x10460000, 0x10460000, 0x104e0000)
 tenured generation   total 10944K, used 1438K [0x15550000, 0x16000000, 0x20000000)
   the space 10944K,  13% used [0x15550000, 0x156b78a8, 0x156b7a00, 0x16000000)
 Metaspace       used 5844K, capacity 6024K, committed 6144K, reserved 6528K
}
Event: 3.762 GC heap before
{Heap before GC invocations=42 (full 30):
 def new generation   total 4992K, used 89K [0x10000000, 0x10560000, 0x15550000)
  eden space 4480K,   2% used [0x10000000, 0x100166a0, 0x10460000)
  from space 512K,   0% used [0x104e0000, 0x104e0000, 0x10560000)
  to   space 512K,   0% used [0x10460000, 0x10460000, 0x104e0000)
 tenured generation   total 10944K, used 9538K [0x15550000, 0x16000000, 0x20000000)
   the space 10944K,  87% used [0x15550000, 0x15ea08b8, 0x15ea0a00, 0x16000000)
 Metaspace       used 5844K, capacity 6024K, committed 6144K, reserved 6528K
Event: 3.769 GC heap after
Heap after GC invocations=43 (full 31):
 def new generation   total 4992K, used 0K [0x10000000, 0x10560000, 0x15550000)
  eden space 4480K,   0% used [0x10000000, 0x10000000, 0x10460000)
  from space 512K,   0% used [0x10460000, 0x10460000, 0x104e0000)
  to   space 512K,   0% used [0x104e0000, 0x104e0000, 0x10560000)
 tenured generation   total 10944K, used 1438K [0x15550000, 0x16000000, 0x20000000)
   the space 10944K,  13% used [0x15550000, 0x156b7948, 0x156b7a00, 0x16000000)
 Metaspace       used 5844K, capacity 6024K, committed 6144K, reserved 6528K
}
Event: 3.846 GC heap before
{Heap before GC invocations=43 (full 31):
 def new generation   total 4992K, used 89K [0x10000000, 0x10560000, 0x15550000)
  eden space 4480K,   2% used [0x10000000, 0x100166a0, 0x10460000)
  from space 512K,   0% used [0x10460000, 0x10460000, 0x104e0000)
  to   space 512K,   0% used [0x104e0000, 0x104e0000, 0x10560000)
 tenured generation   total 10944K, used 9538K [0x15550000, 0x16000000, 0x20000000)
   the space 10944K,  87% used [0x15550000, 0x15ea0958, 0x15ea0a00, 0x16000000)
 Metaspace       used 5844K, capacity 6024K, committed 6144K, reserved 6528K
Event: 3.850 GC heap after
Heap after GC invocations=44 (full 32):
 def new generation   total 4992K, used 0K [0x10000000, 0x10560000, 0x15550000)
  eden space 4480K,   0% used [0x10000000, 0x10000000, 0x10460000)
  from space 512K,   0% used [0x104e0000, 0x104e0000, 0x10560000)
  to   space 512K,   0% used [0x10460000, 0x10460000, 0x104e0000)
 tenured generation   total 10944K, used 1438K [0x15550000, 0x16000000, 0x20000000)
   the space 10944K,  13% used [0x15550000, 0x156b78a8, 0x156b7a00, 0x16000000)
 Metaspace       used 5844K, capacity 6024K, committed 6144K, reserved 6528K
}
Event: 3.919 GC heap before
{Heap before GC invocations=44 (full 32):
 def new generation   total 4992K, used 89K [0x10000000, 0x10560000, 0x15550000)
  eden space 4480K,   2% used [0x10000000, 0x100166a0, 0x10460000)
  from space 512K,   0% used [0x104e0000, 0x104e0000, 0x10560000)
  to   space 512K,   0% used [0x10460000, 0x10460000, 0x104e0000)
 tenured generation   total 10944K, used 9538K [0x15550000, 0x16000000, 0x20000000)
   the space 10944K,  87% used [0x15550000, 0x15ea08b8, 0x15ea0a00, 0x16000000)
 Metaspace       used 5844K, capacity 6024K, committed 6144K, reserved 6528K
Event: 3.922 GC heap after
Heap after GC invocations=45 (full 33):
 def new generation   total 4992K, used 0K [0x10000000, 0x10560000, 0x15550000)
  eden space 4480K,   0% used [0x10000000, 0x10000000, 0x10460000)
  from space 512K,   0% used [0x10460000, 0x10460000, 0x104e0000)
  to   space 512K,   0% used [0x104e0000, 0x104e0000, 0x10560000)
 tenured generation   total 10944K, used 1438K [0x15550000, 0x16000000, 0x20000000)
   the space 10944K,  13% used [0x15550000, 0x156b78a8, 0x156b7a00, 0x16000000)
 Metaspace       used 5844K, capacity 6024K, committed 6144K, reserved 6528K
}
Event: 3.995 GC heap before
{Heap before GC invocations=45 (full 33):
 def new generation   total 4992K, used 89K [0x10000000, 0x10560000, 0x15550000)
  eden space 4480K,   2% used [0x10000000, 0x100166a0, 0x10460000)
  from space 512K,   0% used [0x10460000, 0x10460000, 0x104e0000)
  to   space 512K,   0% used [0x104e0000, 0x104e0000, 0x10560000)
 tenured generation   total 10944K, used 9538K [0x15550000, 0x16000000, 0x20000000)
   the space 10944K,  87% used [0x15550000, 0x15ea08b8, 0x15ea0a00, 0x16000000)
 Metaspace       used 5844K, capacity 6024K, committed 6144K, reserved 6528K
Event: 3.999 GC heap after
Heap after GC invocations=46 (full 34):
 def new generation   total 4992K, used 0K [0x10000000, 0x10560000, 0x15550000)
  eden space 4480K,   0% used [0x10000000, 0x10000000, 0x10460000)
  from space 512K,   0% used [0x104e0000, 0x104e0000, 0x10560000)
  to   space 512K,   0% used [0x10460000, 0x10460000, 0x104e0000)
 tenured generation   total 10944K, used 1438K [0x15550000, 0x16000000, 0x20000000)
   the space 10944K,  13% used [0x15550000, 0x156b78a8, 0x156b7a00, 0x16000000)
 Metaspace       used 5844K, capacity 6024K, committed 6144K, reserved 6528K
}

