# JRE version: Java(TM) SE Runtime Environment (8.0_202-b08) (build 1.8.0_202-b08)
# Java VM: Java HotSpot(TM) Client VM (25.202-b08 mixed mode windows-x86 )
Heap:
 def new generation   total 4992K, used 263K [0x10000000, 0x10560000, 0x15550000)
  eden space 4480K,   5% used [0x10000000, 0x10041cb8, 0x10460000)
  from space 512K,   0% used [0x10460000, 0x10460000, 0x104e0000)
  to   space 512K,   0% used [0x104e0000, 0x104e0000, 0x10560000)
 tenured generation   total 10944K, used 9541K [0x15550000, 0x16000000, 0x20000000)
   the space 10944K,  87% used [0x15550000, 0x15ea1600, 0x15ea1600, 0x16000000)
 Metaspace       used 5844K, capacity 6024K, committed 6144K, reserved 6528K
GC Heap History (10 events):
Event: 3.129 GC heap before
{Heap before GC invocations=32 (full 20):
 def new generation   total 4992K, used 89K [0x10000000, 0x10560000, 0x15550000)
  eden space 4480K,   2% used [0x10000000, 0x100166a0, 0x10460000)
  from space 512K,   0% used [0x104e0000, 0x104e0000, 0x10560000)
  to   space 512K,   0% used [0x10460000, 0x10460000, 0x104e0000)
 tenured generation   total 10944K, used 9541K [0x15550000, 0x16000000, 0x20000000)
   the space 10944K,  87% used [0x15550000, 0x15ea1600, 0x15ea1600, 0x16000000)
 Metaspace       used 5843K, capacity 6024K, committed 6144K, reserved 6528K
Event: 3.133 GC heap after
Heap after GC invocations=33 (full 21):
 def new generation   total 4992K, used 0K [0x10000000, 0x10560000, 0x15550000)
  eden space 4480K,   0% used [0x10000000, 0x10000000, 0x10460000)
  from space 512K,   0% used [0x10460000, 0x10460000, 0x104e0000)
  to   space 512K,   0% used [0x104e0000, 0x104e0000, 0x10560000)
 tenured generation   total 10944K, used 1441K [0x15550000, 0x16000000, 0x20000000)
   the space 10944K,  13% used [0x15550000, 0x156b85f0, 0x156b8600, 0x16000000)
 Metaspace       used 5843K, capacity 6024K, committed 6144K, reserved 6528K
}
Event: 3.219 GC heap before
{Heap before GC invocations=33 (full 21):
 def new generation   total 4992K, used 89K [0x10000000, 0x10560000, 0x15550000)
  eden space 4480K,   2% used [0x10000000, 0x100166a0, 0x10460000)
  from space 512K,   0% used [0x10460000, 0x10460000, 0x104e0000)
  to   space 512K,   0% used [0x104e0000, 0x104e0000, 0x10560000)
 tenured generation   total 10944K, used 9541K [0x15550000, 0x16000000, 0x20000000)
   the space 10944K,  87% used [0x15550000, 0x15ea1600, 0x15ea1600, 0x16000000)
 Metaspace       used 5843K, capacity 6024K, committed 6144K, reserved 6528K
Event: 3.222 GC heap after
Heap after GC invocations=34 (full 22):
 def new generation   total 4992K, used 0K [0x10000000, 0x10560000, 0x15550000)
  eden space 4480K,   0% used [0x10000000, 0x10000000, 0x10460000)
  from space 512K,   0% used [0x104e0000, 0x104e0000, 0x10560000)
  to   space 512K,   0% used [0x10460000, 0x10460000, 0x104e0000)
 tenured generation   total 10944K, used 1441K [0x15550000, 0x16000000, 0x20000000)
   the space 10944K,  13% used [0x15550000, 0x156b85f0, 0x156b8600, 0x16000000)
 Metaspace       used 5843K, capacity 6024K, committed 6144K, reserved 6528K
}
Event: 3.301 GC heap before
{Heap before GC invocations=34 (full 22):
 def new generation   total 4992K, used 89K [0x10000000, 0x10560000, 0x15550000)
  eden space 4480K,   2% used [0x10000000, 0x100166a0, 0x10460000)
  from space 512K,   0% used [0x104e0000, 0x104e0000, 0x10560000)
  to   space 512K,   0% used [0x10460000, 0x10460000, 0x104e0000)
 tenured generation   total 10944K, used 9541K [0x15550000, 0x16000000, 0x20000000)
   the space 10944K,  87% used [0x15550000, 0x15ea1600, 0x15ea1600, 0x16000000)
 Metaspace       used 5843K, capacity 6024K, committed 6144K, reserved 6528K
Event: 3.304 GC heap after
Heap after GC invocations=35 (full 23):
 def new generation   total 4992K, used 0K [0x10000000, 0x10560000, 0x15550000)
  eden space 4480K,   0% used [0x10000000, 0x10000000, 0x10460000)
  from space 512K,   0% used [0x10460000, 0x10460000, 0x104e0000)
  to   space 512K,   0% used [0x104e0000, 0x104e0000, 0x10560000)
 tenured generation   total 10944K, used 1441K [0x15550000, 0x16000000, 0x20000000)
   the space 10944K,  13% used [0x15550000, 0x156b85f0, 0x156b8600, 0x16000000)
 Metaspace       used 5843K, capacity 6024K, committed 6144K, reserved 6528K
}
Event: 3.391 GC heap before
{Heap before GC invocations=35 (full 23):
 def new generation   total 4992K, used 89K [0x10000000, 0x10560000, 0x15550000)
  eden space 4480K,   2% used [0x10000000, 0x100166a0, 0x10460000)
  from space 512K,   0% used [0x10460000, 0x10460000, 0x104e0000)
  to   space 512K,   0% used [0x104e0000, 0x104e0000, 0x10560000)
 tenured generation   total 10944K, used 9541K [0x15550000, 0x16000000, 0x20000000)
   the space 10944K,  87% used [0x15550000, 0x15ea1600, 0x15ea1600, 0x16000000)
 Metaspace       used 5843K, capacity 6024K, committed 6144K, reserved 6528K
Event: 3.394 GC heap after
Heap after GC invocations=36 (full 24):
 def new generation   total 4992K, used 0K [0x10000000, 0x10560000, 0x15550000)
  eden space 4480K,   0% used [0x10000000, 0x10000000, 0x10460000)
  from space 512K,   0% used [0x104e0000, 0x104e0000, 0x10560000)
  to   space 512K,   0% used [0x10460000, 0x10460000, 0x104e0000)
 tenured generation   total 10944K, used 1441K [0x15550000, 0x16000000, 0x20000000)
   the space 10944K,  13% used [0x15550000, 0x156b85f0, 0x156b8600, 0x16000000)
 Metaspace       used 5843K, capacity 6024K, committed 6144K, reserved 6528K
}
Event: 3.481 GC heap before
{Heap before GC invocations=36 (full 24):
 def new generation   total 4992K, used 89K [0x10000000, 0x10560000, 0x15550000)
  eden space 4480K,   2% used [0x10000000, 0x100166a0, 0x10460000)
  from space 512K,   0% used [0x104e0000, 0x104e0000, 0x10560000)
  to   space 512K,   0% used [0x10460000, 0x10460000, 0x104e0000)
 tenured generation   total 10944K, used 9541K [0x15550000, 0x16000000, 0x20000000)
   the space 10944K,  87% used [0x15550000, 0x15ea1600, 0x15ea1600, 0x16000000)
 Metaspace       used 5843K, capacity 6024K, committed 6144K, reserved 6528K
Event: 3.486 GC heap after
Heap after GC invocations=37 (full 25):
 def new generation   total 4992K, used 0K [0x10000000, 0x10560000, 0x15550000)
  eden space 4480K,   0% used [0x10000000, 0x10000000, 0x10460000)
  from space 512K,   0% used [0x10460000, 0x10460000, 0x104e0000)
  to   space 512K,   0% used [0x104e0000, 0x104e0000, 0x10560000)
 tenured generation   total 10944K, used 1441K [0x15550000, 0x16000000, 0x20000000)
   the space 10944K,  13% used [0x15550000, 0x156b85f0, 0x156b8600, 0x16000000)
 Metaspace       used 5843K, capacity 6024K, committed 6144K, reserved 6528K
}

